<?xml version="1.0" encoding="UTF-8"?>
<!-- Generated by org.testng.reporters.JUnitReportReporter -->
<testsuite hostname="DESKTOP-LF89V5L" name="com.inetbanking.testCases.TC_LoginTest_001" tests="1" failures="0" timestamp="15 Nov 2019 21:47:19 GMT" time="1.959" errors="0">
  <testcase name="loginTest" time="1.959" classname="com.inetbanking.testCases.TC_LoginTest_001"/>
</testsuite> <!-- com.inetbanking.testCases.TC_LoginTest_001 -->
