<?xml version="1.0" encoding="UTF-8"?>
<!-- Generated by org.testng.reporters.JUnitReportReporter -->
<testsuite hostname="DESKTOP-LF89V5L" name="com.inetbanking.testCases.TC_AddCustomerTest_003" tests="1" failures="0" timestamp="15 Nov 2019 21:47:19 GMT" time="18.134" errors="0">
  <testcase name="addNewCustomer" time="18.134" classname="com.inetbanking.testCases.TC_AddCustomerTest_003"/>
</testsuite> <!-- com.inetbanking.testCases.TC_AddCustomerTest_003 -->
