<?xml version="1.0" encoding="UTF-8"?>
<!-- Generated by org.testng.reporters.JUnitReportReporter -->
<testsuite hostname="DESKTOP-LF89V5L" name="com.inetbanking.testCases.TC_AddCustomerTest_003" tests="1" failures="0" timestamp="19 Nov 2019 18:31:05 GMT" time="27.262" errors="0">
  <testcase name="addNewCustomer" time="27.262" classname="com.inetbanking.testCases.TC_AddCustomerTest_003"/>
</testsuite> <!-- com.inetbanking.testCases.TC_AddCustomerTest_003 -->
