<?xml version="1.0" encoding="UTF-8"?>
<!-- Generated by org.testng.reporters.JUnitReportReporter -->
<testsuite hostname="DESKTOP-LF89V5L" name="com.inetbanking.testCases.TC_LoginTest_001" tests="1" failures="0" timestamp="30 Nov 2019 11:49:55 GMT" time="1.871" errors="0">
  <testcase name="loginTest" time="1.871" classname="com.inetbanking.testCases.TC_LoginTest_001"/>
</testsuite> <!-- com.inetbanking.testCases.TC_LoginTest_001 -->
